[higher_half_entry()]: Successfully entered higher half.
[kernel_main()]: Entered.
0x0-0x9fc00	 TYPE: MULTIBOOT_MEMORY_AVAILABLE
0x9fc00-0xa0000	 TYPE: MULTIBOOT_MEMORY_RESERVED
0xf0000-0x100000	 TYPE: MULTIBOOT_MEMORY_RESERVED
0x100000-0xbffe0000	 TYPE: MULTIBOOT_MEMORY_AVAILABLE
range:: 0xbfee0000
0xbffe0000-0xc0000000	 TYPE: MULTIBOOT_MEMORY_RESERVED
0xfeffc000-0xff000000	 TYPE: MULTIBOOT_MEMORY_RESERVED
0xfffc0000-0x100000000	 TYPE: MULTIBOOT_MEMORY_RESERVED
0x100000000-0x240000000	 TYPE: MULTIBOOT_MEMORY_AVAILABLE
range:: 0x140000000
rsdt: 0xbffe1905
test working map: 0xbffe190e
preparing testtest working map: 0x68
Here!
0x00x1searching ioapic
42739957764273995776idt loaded
Proceeding with X2APIC.
APIC init!
sleeping for 10ms
4273995776427399577642739957764273995776isr_handler()
timer interrupt.
isr_handler()
timer interrupt.
isr_handler()
timer interrupt.
isr_handler()
timer interrupt.
isr_handler()
timer interrupt.
isr_handler()
timer interrupt.
isr_handler()
timer interrupt.
isr_handler()
timer interrupt.
isr_handler()
timer interrupt.
isr_handler()
timer interrupt.
apic_read_reg()
isr_handler()
timer interrupt.
42739957764273isr_handler()
timer interrupt.
99577642739957764273995776calibration done!
end
isr_handler()
apic interrupt.
isr_handler()
apic interrupt.
isr_handler()
apic interrupt.
isr_handler()
apic interrupt.
isr_handler()
apic interrupt.
isr_handler()
apic interrupt.
isr_handler()
apic interrupt.
isr_handler()
apic interrupt.
isr_handler()
apic interrupt.
isr_handler()
apic interrupt.
isr_handler()
apic interrupt.
isr_handler()
apic interrupt.
isr_handler()
apic interrupt.
isr_handler()
apic interrupt.
isr_handler()
apic interrupt.
isr_handler()
apic interrupt.
isr_handler()
apic interrupt.
isr_handler()
apic interrupt.
isr_handler()
apic interrupt.
isr_handler()
apic interrupt.
isr_handler()
apic interrupt.
isr_handler()
apic interrupt.
isr_handler()
apic interrupt.
isr_handler()
apic interrupt.
isr_handler()
apic interrupt.
isr_handler()
apic interrupt.
isr_handler()
apic interrupt.
isr_handler()
apic interrupt.
isr_handler()
apic interrupt.
isr_handler()
apic interrupt.
isr_handler()
apic interrupt.
isr_handler()
apic interrupt.
isr_handler()
apic interrupt.
isr_handler()
apic interrupt.
isr_handler()
apic interrupt.
isr_handler()
apic interrupt.
isr_handler()
apic interrupt.
isr_handler()
apic interrupt.
isr_handler()
apic interrupt.
isr_handler()
apic interrupt.
isr_handler()
apic interrupt.
isr_handler()
apic interrupt.
isr_handler()
apic interrupt.
isr_handler()
apic interrupt.
isr_handler()
apic interrupt.
isr_handler()
apic interrupt.
isr_handler()
apic interrupt.
isr_handler()
apic interrupt.
isr_handler()
apic interrupt.
isr_handler()
apic interrupt.
isr_handler()
apic interrupt.
isr_handler()
apic interrupt.
isr_handler()
apic interrupt.
isr_handler()
apic interrupt.
isr_handler()
apic interrupt.
isr_handler()
apic interrupt.
isr_handler()
apic interrupt.
isr_handler()
apic interrupt.
isr_handler()
apic interrupt.
isr_handler()
apic interrupt.
isr_handler()
apic interrupt.
isr_handler()
apic interrupt.
isr_handler()
apic interrupt.
isr_handler()
apic interrupt.
isr_handler()
apic interrupt.
isr_handler()
apic interrupt.
isr_handler()
apic interrupt.
isr_handler()
apic interrupt.
isr_handler()
apic interrupt.
isr_handler()
apic interrupt.
isr_handler()
apic interrupt.
isr_handler()
apic interrupt.
isr_handler()
apic interrupt.
isr_handler()
apic interrupt.
isr_handler()
apic interrupt.
isr_handler()
apic interrupt.
isr_handler()
apic interrupt.
isr_handler()
apic interrupt.
isr_handler()
apic interrupt.
isr_handler()
apic interrupt.
isr_handler()
apic interrupt.
isr_handler()
apic interrupt.
isr_handler()
apic interrupt.
isr_handler()
apic interrupt.
isr_handler()
apic interrupt.
isr_handler()
apic interrupt.
isr_handler()
apic interrupt.
isr_handler()
apic interrupt.
isr_handler()
apic interrupt.
isr_handler()
apic interrupt.
isr_handler()
apic interrupt.
isr_handler()
apic interrupt.
isr_handler()
apic interrupt.
isr_handler()
apic interrupt.
isr_handler()
apic interrupt.
isr_handler()
apic interrupt.
isr_handler()
apic interrupt.
isr_handler()
apic interrupt.
isr_handler()
apic interrupt.
isr_handler()
apic interrupt.
isr_handler()
apic interrupt.
isr_handler()
apic interrupt.
isr_handler()
apic interrupt.
isr_handler()
apic interrupt.
isr_handler()
apic interrupt.
isr_handler()
apic interrupt.
isr_handler()
apic interrupt.
isr_handler()
apic interrupt.
isr_handler()
apic interrupt.
isr_handler()
apic interrupt.
isr_handler()
apic interrupt.
isr_handler()
apic interrupt.
isr_handler()
apic interrupt.
isr_handler()
apic interrupt.
isr_handler()
apic interrupt.
isr_handler()
apic interrupt.
isr_handler()
apic interrupt.
isr_handler()
apic interrupt.
isr_handler()
apic interrupt.
isr_handler()
apic interrupt.
isr_handler()
apic interrupt.
isr_handler()
apic interrupt.
isr_handler()
apic interrupt.
isr_handler()
apic interrupt.
isr_handler()
apic interrupt.
isr_handler()
apic interrupt.
isr_handler()
apic interrupt.
isr_handler()
apic interrupt.
isr_handler()
apic interrupt.
isr_handler()
apic interrupt.
isr_handler()
apic interrupt.
isr_handler()
apic interrupt.
isr_handler()
apic interrupt.
isr_handler()
apic interrupt.
isr_handler()
apic interrupt.
isr_handler()
apic interrupt.
isr_handler()
apic interrupt.
isr_handler()
apic interrupt.
isr_handler()
apic interrupt.
isr_handler()
apic interrupt.
isr_handler()
apic interrupt.
isr_handler()
apic interrupt.
isr_handler()
apic interrupt.
isr_handler()
apic interrupt.
isr_handler()
apic interrupt.
isr_handler()
apic interrupt.
isr_handler()
apic interrupt.
isr_handler()
apic interrupt.
isr_handler()
apic interrupt.
isr_handler()
apic interrupt.
isr_handler()
apic interrupt.
isr_handler()
apic interrupt.
isr_handler()
apic interrupt.
isr_handler()
apic interrupt.
isr_handler()
apic interrupt.
isr_handler()
apic interrupt.
isr_handler()
apic interrupt.
isr_handler()
apic interrupt.
isr_handler()
apic interrupt.
isr_handler()
apic interrupt.
isr_handler()
apic interrupt.
isr_handler()
apic interrupt.
isr_handler()
apic interrupt.
isr_handler()
apic interrupt.
isr_handler()
apic interrupt.
isr_handler()
apic interrupt.
isr_handler()
apic interrupt.
isr_handler()
apic interrupt.
isr_handler()
apic interrupt.
isr_handler()
apic interrupt.
isr_handler()
apic interrupt.
isr_handler()
apic interrupt.
isr_handler()
apic interrupt.
isr_handler()
apic interrupt.
isr_handler()
apic interrupt.
isr_handler()
apic interrupt.
isr_handler()
apic interrupt.
isr_handler()
apic interrupt.
isr_handler()
apic interrupt.
isr_handler()
apic interrupt.
isr_handler()
apic interrupt.
isr_handler()
apic interrupt.
isr_handler()
apic interrupt.
isr_handler()
apic interrupt.
isr_handler()
apic interrupt.
isr_handler()
apic interrupt.
isr_handler()
apic interrupt.
isr_handler()
apic interrupt.
isr_handler()
apic interrupt.
isr_handler()
apic interrupt.
isr_handler()
apic interrupt.
isr_handler()
apic interrupt.
isr_handler()
apic interrupt.
isr_handler()
apic interrupt.
isr_handler()
apic interrupt.
isr_handler()
apic interrupt.
isr_handler()
apic interrupt.
isr_handler()
apic interrupt.
isr_handler()
apic interrupt.
isr_handler()
apic interrupt.
isr_handler()
apic interrupt.
isr_handler()
apic interrupt.
isr_handler()
apic interrupt.
isr_handler()
apic interrupt.
isr_handler()
apic interrupt.
isr_handler()
apic interrupt.
isr_handler()
apic interrupt.
isr_handler()
apic interrupt.
isr_handler()
apic interrupt.
isr_handler()
apic interrupt.
isr_handler()
apic interrupt.
isr_handler()
apic interrupt.
isr_handler()
apic interrupt.
isr_handler()
apic interrupt.
isr_handler()
apic interrupt.
isr_handler()
apic interrupt.
isr_handler()
apic interrupt.
isr_handler()
apic interrupt.
isr_handler()
apic interrupt.
isr_handler()
apic interrupt.
isr_handler()
apic interrupt.
isr_handler()
apic interrupt.
isr_handler()
apic interrupt.
isr_handler()
apic interrupt.
isr_handler()
apic interrupt.
isr_handler()
apic interrupt.
isr_handler()
apic interrupt.
isr_handler()
apic interrupt.
isr_handler()
apic interrupt.
isr_handler()
apic interrupt.
isr_handler()
apic interrupt.
isr_handler()
apic interrupt.
isr_handler()
apic interrupt.
isr_handler()
apic interrupt.
isr_handler()
apic interrupt.
isr_handler()
apic interrupt.
isr_handler()
apic interrupt.
isr_handler()
apic interrupt.
isr_handler()
apic interrupt.
isr_handler()
apic interrupt.
isr_handler()
apic interrupt.
isr_handler()
apic interrupt.
isr_handler()
apic interrupt.
isr_handler()
apic interrupt.
isr_handler()
apic interrupt.
isr_handler()
apic interrupt.
isr_handler()
apic interrupt.
isr_handler()
apic interrupt.
isr_handler()
apic interrupt.
isr_handler()
apic interrupt.
isr_handler()
apic interrupt.
isr_handler()
apic interrupt.
isr_handler()
apic interrupt.
isr_handler()
apic interrupt.
isr_handler()
apic interrupt.
isr_handler()
apic interrupt.
isr_handler()
apic interrupt.
isr_handler()
apic interrupt.
isr_handler()
apic interrupt.
isr_handler()
apic interrupt.
isr_handler()
apic interrupt.
isr_handler()
apic interrupt.
isr_handler()
apic interrupt.
isr_handler()
apic interrupt.
isr_handler()
apic interrupt.
isr_handler()
apic interrupt.
isr_handler()
apic interrupt.
isr_handler()
apic interrupt.
isr_handler()
apic interrupt.
isr_handler()
apic interrupt.
isr_handler()
apic interrupt.
isr_handler()
apic interrupt.
isr_handler()
apic interrupt.
isr_handler()
apic interrupt.
isr_handler()
apic interrupt.
isr_handler()
apic interrupt.
isr_handler()
apic interrupt.
isr_handler()
apic interrupt.
isr_handler()
apic interrupt.
isr_handler()
apic interrupt.
isr_handler()
apic interrupt.
isr_handler()
apic interrupt.
isr_handler()
apic interrupt.
isr_handler()
apic interrupt.
isr_handler()
apic interrupt.
isr_handler()
apic interrupt.
isr_handler()
apic interrupt.
isr_handler()
apic interrupt.
isr_handler()
apic interrupt.
isr_handler()
apic interrupt.
isr_handler()
apic interrupt.
isr_handler()
apic interrupt.
isr_handler()
apic interrupt.
isr_handler()
apic interrupt.
isr_handler()
apic interrupt.
isr_handler()
apic interrupt.
isr_handler()
apic interrupt.
isr_handler()
apic interrupt.
isr_handler()
apic interrupt.
isr_handler()
apic interrupt.
isr_handler()
apic interrupt.
isr_handler()
apic interrupt.
isr_handler()
apic interrupt.
isr_handler()
apic interrupt.
isr_handler()
apic interrupt.
isr_handler()
apic interrupt.
isr_handler()
apic interrupt.
isr_handler()
apic interrupt.
isr_handler()
apic interrupt.
isr_handler()
apic interrupt.
isr_handler()
apic interrupt.
isr_handler()
apic interrupt.
isr_handler()
apic interrupt.
isr_handler()
apic interrupt.
isr_handler()
apic interrupt.
isr_handler()
apic interrupt.
isr_handler()
apic interrupt.
isr_handler()
apic interrupt.
isr_handler()
apic interrupt.
isr_handler()
apic interrupt.
isr_handler()
apic interrupt.
isr_handler()
apic interrupt.
isr_handler()
apic interrupt.
isr_handler()
apic interrupt.
isr_handler()
apic interrupt.
isr_handler()
apic interrupt.
isr_handler()
apic interrupt.
isr_handler()
apic interrupt.
isr_handler()
apic interrupt.
isr_handler()
apic interrupt.
isr_handler()
apic interrupt.
isr_handler()
apic interrupt.
isr_handler()
apic interrupt.
isr_handler()
apic interrupt.
isr_handler()
apic interrupt.
isr_handler()
apic interrupt.
isr_handler()
apic interrupt.
isr_handler()
apic interrupt.
isr_handler()
apic interrupt.
isr_handler()
apic interrupt.
isr_handler()
apic interrupt.
isr_handler()
apic interrupt.
isr_handler()
apic interrupt.
isr_handler()
apic interrupt.
isr_handler()
apic interrupt.
isr_handler()
apic interrupt.
isr_handler()
apic interrupt.
isr_handler()
apic interrupt.
isr_handler()
apic interrupt.
isr_handler()
apic interrupt.
isr_handler()
apic interrupt.
isr_handler()
apic interrupt.
isr_handler()
apic interrupt.
isr_handler()
apic interrupt.
isr_handler()
apic interrupt.
isr_handler()
apic interrupt.
isr_handler()
apic interrupt.
isr_handler()
apic interrupt.
isr_handler()
apic interrupt.
isr_handler()
apic interrupt.
isr_handler()
apic interrupt.
isr_handler()
apic interrupt.
isr_handler()
apic interrupt.
isr_handler()
apic interrupt.
isr_handler()
apic interrupt.
isr_handler()
apic interrupt.
isr_handler()
apic interrupt.
isr_handler()
apic interrupt.
isr_handler()
apic interrupt.
isr_handler()
apic interrupt.
isr_handler()
apic interrupt.
isr_handler()
apic interrupt.
isr_handler()
apic interrupt.
isr_handler()
apic interrupt.
isr_handler()
apic interrupt.
isr_handler()
apic interrupt.
isr_handler()
apic interrupt.
isr_handler()
apic interrupt.
isr_handler()
apic interrupt.
isr_handler()
apic interrupt.
isr_handler()
apic interrupt.
isr_handler()
apic interrupt.
isr_handler()
apic interrupt.
isr_handler()
apic interrupt.
isr_handler()
apic interrupt.
isr_handler()
apic interrupt.
isr_handler()
apic interrupt.
isr_handler()
apic interrupt.
isr_handler()
apic interrupt.
isr_handler()
apic interrupt.
isr_handler()
apic interrupt.
isr_handler()
apic interrupt.
isr_handler()
apic interrupt.
isr_handler()
apic interrupt.
isr_handler()
apic interrupt.
isr_handler()
apic interrupt.
isr_handler()
apic interrupt.
isr_handler()
apic interrupt.
isr_handler()
apic interrupt.
isr_handler()
apic interrupt.
isr_handler()
apic interrupt.
isr_handler()
apic interrupt.
isr_handler()
apic interrupt.
isr_handler()
apic interrupt.
isr_handler()
apic interrupt.
isr_handler()
apic interrupt.
isr_handler()
apic interrupt.
isr_handler()
apic interrupt.
isr_handler()
apic interrupt.
isr_handler()
apic interrupt.
isr_handler()
apic interrupt.
isr_handler()
apic interrupt.
isr_handler()
apic interrupt.
isr_handler()
apic interrupt.
isr_handler()
apic interrupt.
isr_handler()
apic interrupt.
isr_handler()
apic interrupt.
isr_handler()
apic interrupt.
isr_handler()
apic interrupt.
isr_handler()
apic interrupt.
isr_handler()
apic interrupt.
isr_handler()
apic interrupt.
isr_handler()
apic interrupt.
isr_handler()
apic interrupt.
isr_handler()
apic interrupt.
isr_handler()
apic interrupt.
isr_handler()
apic interrupt.
isr_handler()
apic interrupt.
isr_handler()
apic interrupt.
isr_handler()
apic interrupt.
isr_handler()
apic interrupt.
isr_handler()
apic interrupt.
isr_handler()
apic interrupt.
isr_handler()
apic interrupt.
isr_handler()
apic interrupt.
isr_handler()
apic interrupt.
isr_handler()
apic interrupt.
isr_handler()
apic interrupt.
isr_handler()
apic interrupt.
isr_handler()
apic interrupt.
isr_handler()
apic interrupt.
isr_handler()
apic interrupt.
isr_handler()
apic interrupt.
isr_handler()
apic interrupt.
isr_handler()
apic interrupt.
isr_handler()
apic interrupt.
isr_handler()
apic interrupt.
isr_handler()
apic interrupt.
isr_handler()
apic interrupt.
isr_handler()
apic interrupt.
isr_handler()
apic interrupt.
isr_handler()
apic interrupt.
isr_handler()
apic interrupt.
isr_handler()
apic interrupt.
isr_handler()
apic interrupt.
isr_handler()
apic interrupt.
isr_handler()
apic interrupt.
isr_handler()
apic interrupt.
isr_handler()
apic interrupt.
isr_handler()
apic interrupt.
isr_handler()
apic interrupt.
isr_handler()
apic interrupt.
isr_handler()
apic interrupt.
isr_handler()
apic interrupt.
isr_handler()
apic interrupt.
isr_handler()
apic interrupt.
isr_handler()
apic interrupt.
isr_handler()
apic interrupt.
isr_handler()
apic interrupt.
isr_handler()
apic interrupt.
isr_handler()
apic interrupt.
isr_handler()
apic interrupt.
isr_handler()
apic interrupt.
isr_handler()
apic interrupt.
isr_handler()
apic interrupt.
isr_handler()
apic interrupt.
isr_handler()
apic interrupt.
isr_handler()
apic interrupt.
isr_handler()
apic interrupt.
isr_handler()
apic interrupt.
isr_handler()
apic interrupt.
isr_handler()
apic interrupt.
isr_handler()
apic interrupt.
isr_handler()
apic interrupt.
isr_handler()
apic interrupt.
isr_handler()
apic interrupt.
isr_handler()
apic interrupt.
isr_handler()
apic interrupt.
isr_handler()
apic interrupt.
isr_handler()
apic interrupt.
isr_handler()
apic interrupt.
isr_handler()
apic interrupt.
isr_handler()
apic interrupt.
isr_handler()
apic interrupt.
isr_handler()
apic interrupt.
isr_handler()
apic interrupt.
isr_handler()
apic interrupt.
isr_handler()
apic interrupt.
isr_handler()
apic interrupt.
isr_handler()
apic interrupt.
isr_handler()
apic interrupt.
isr_handler()
apic interrupt.
isr_handler()
apic interrupt.
isr_handler()
apic interrupt.
isr_handler()
apic interrupt.
isr_handler()
apic interrupt.
isr_handler()
apic interrupt.
isr_handler()
apic interrupt.
isr_handler()
apic interrupt.
isr_handler()
apic interrupt.
isr_handler()
apic interrupt.
isr_handler()
apic interrupt.
isr_handler()
apic interrupt.
isr_handler()
apic interrupt.
isr_handler()
apic interrupt.
isr_handler()
apic interrupt.
isr_handler()
apic interrupt.
isr_handler()
apic interrupt.
isr_handler()
apic interrupt.
isr_handler()
apic interrupt.
isr_handler()
apic interrupt.
isr_handler()
apic interrupt.
isr_handler()
apic interrupt.
isr_handler()
apic interrupt.
isr_handler()
apic interrupt.
isr_handler()
apic interrupt.
isr_handler()
apic interrupt.
isr_handler()
apic interrupt.
isr_handler()
apic interrupt.
isr_handler()
apic interrupt.
isr_handler()
apic interrupt.
isr_handler()
apic interrupt.
isr_handler()
apic interrupt.
isr_handler()
apic interrupt.
isr_handler()
apic interrupt.
isr_handler()
apic interrupt.
isr_handler()
apic interrupt.
isr_handler()
apic interrupt.
isr_handler()
apic interrupt.
isr_handler()
apic interrupt.
isr_handler()
apic interrupt.
isr_handler()
apic interrupt.
isr_handler()
apic interrupt.
isr_handler()
apic interrupt.
isr_handler()
apic interrupt.
isr_handler()
apic interrupt.
isr_handler()
apic interrupt.
isr_handler()
apic interrupt.
isr_handler()
apic interrupt.
isr_handler()
apic interrupt.
isr_handler()
apic interrupt.
isr_handler()
apic interrupt.
isr_handler()
apic interrupt.
isr_handler()
apic interrupt.
isr_handler()
apic interrupt.
isr_handler()
apic interrupt.
isr_handler()
apic interrupt.
isr_handler()
apic interrupt.
isr_handler()
apic interrupt.
isr_handler()
apic interrupt.
isr_handler()
apic interrupt.
isr_handler()
apic interrupt.
isr_handler()
apic interrupt.
isr_handler()
apic interrupt.
isr_handler()
apic interrupt.
isr_handler()
apic interrupt.
isr_handler()
apic interrupt.
isr_handler()
apic interrupt.
isr_handler()
apic interrupt.
isr_handler()
apic interrupt.
isr_handler()
apic interrupt.
isr_handler()
apic interrupt.
isr_handler()
apic interrupt.
isr_handler()
apic interrupt.
isr_handler()
apic interrupt.
isr_handler()
apic interrupt.
isr_handler()
apic interrupt.
isr_handler()
apic interrupt.
isr_handler()
apic interrupt.
isr_handler()
apic interrupt.
isr_handler()
apic interrupt.
isr_handler()
apic interrupt.
isr_handler()
apic interrupt.
isr_handler()
apic interrupt.
isr_handler()
apic interrupt.
isr_handler()
apic interrupt.
isr_handler()
apic interrupt.
isr_handler()
apic interrupt.
isr_handler()
apic interrupt.
isr_handler()
apic interrupt.
isr_handler()
apic interrupt.
isr_handler()
apic interrupt.
isr_handler()
apic interrupt.
isr_handler()
apic interrupt.
isr_handler()
apic interrupt.
isr_handler()
apic interrupt.
isr_handler()
apic interrupt.
isr_handler()
apic interrupt.
isr_handler()
apic interrupt.
isr_handler()
apic interrupt.
isr_handler()
apic interrupt.
isr_handler()
apic interrupt.
isr_handler()
apic interrupt.
isr_handler()
apic interrupt.
isr_handler()
apic interrupt.
isr_handler()
apic interrupt.
isr_handler()
apic interrupt.
isr_handler()
apic interrupt.
isr_handler()
apic interrupt.
isr_handler()
apic interrupt.
isr_handler()
apic interrupt.
isr_handler()
apic interrupt.
isr_handler()
apic interrupt.
isr_handler()
apic interrupt.
